<?xml version="1.0" encoding="UTF-8"?>
<testng-results ignored="0" total="5" passed="5" failed="0" skipped="0">
  <reporter-output>
  </reporter-output>
  <suite started-at="2025-07-11T10:28:37 IST" name="Suite" finished-at="2025-07-11T10:31:24 IST" duration-ms="167068">
    <groups>
      <group name="cucumber">
        <method signature="AbstractTestNGCucumberTests.runScenario(io.cucumber.testng.PickleWrapper,io.cucumber.testng.FeatureWrapper)[pri:0, instance:TestRunner.TestRunner@14a50707]" name="runScenario" class="io.cucumber.testng.AbstractTestNGCucumberTests"/>
      </group> <!-- cucumber -->
    </groups>
    <test started-at="2025-07-11T10:28:37 IST" name="ChromeTest" finished-at="2025-07-11T10:31:24 IST" duration-ms="167068">
      <class name="TestRunner.TestRunner">
        <test-method is-config="true" signature="setUpClass(org.testng.ITestContext)[pri:0, instance:TestRunner.TestRunner@14a50707]" started-at="2025-07-11T10:28:37 IST" name="setUpClass" finished-at="2025-07-11T10:28:38 IST" duration-ms="620" status="PASS">
          <params>
            <param index="0">
              <value>
                <![CDATA[org.testng.TestRunner@58bad46f]]>
              </value>
            </param>
          </params>
          <reporter-output>
          </reporter-output>
        </test-method> <!-- setUpClass -->
        <test-method signature="runScenario(io.cucumber.testng.PickleWrapper,io.cucumber.testng.FeatureWrapper)[pri:0, instance:TestRunner.TestRunner@14a50707]" started-at="2025-07-11T10:28:38 IST" name="runScenario" description="Runs Cucumber Scenarios" data-provider="scenarios" finished-at="2025-07-11T10:29:03 IST" duration-ms="25444" status="PASS">
          <params>
            <param index="0">
              <value>
                <![CDATA["Filter bookshelves by storage type, price, and availability"]]>
              </value>
            </param>
            <param index="1">
              <value>
                <![CDATA["Urban Ladder shopping and filtering experience"]]>
              </value>
            </param>
          </params>
          <reporter-output>
          </reporter-output>
        </test-method> <!-- runScenario -->
        <test-method signature="runScenario(io.cucumber.testng.PickleWrapper,io.cucumber.testng.FeatureWrapper)[pri:0, instance:TestRunner.TestRunner@14a50707]" started-at="2025-07-11T10:29:03 IST" name="runScenario" description="Runs Cucumber Scenarios" data-provider="scenarios" finished-at="2025-07-11T10:29:29 IST" duration-ms="25870" status="PASS">
          <params>
            <param index="0">
              <value>
                <![CDATA["View top 3 study chairs"]]>
              </value>
            </param>
            <param index="1">
              <value>
                <![CDATA["Urban Ladder shopping and filtering experience"]]>
              </value>
            </param>
          </params>
          <reporter-output>
          </reporter-output>
        </test-method> <!-- runScenario -->
        <test-method signature="runScenario(io.cucumber.testng.PickleWrapper,io.cucumber.testng.FeatureWrapper)[pri:0, instance:TestRunner.TestRunner@14a50707]" started-at="2025-07-11T10:29:29 IST" name="runScenario" description="Runs Cucumber Scenarios" data-provider="scenarios" finished-at="2025-07-11T10:29:54 IST" duration-ms="24867" status="PASS">
          <params>
            <param index="0">
              <value>
                <![CDATA["Search and view Being At Home categories"]]>
              </value>
            </param>
            <param index="1">
              <value>
                <![CDATA["Urban Ladder shopping and filtering experience"]]>
              </value>
            </param>
          </params>
          <reporter-output>
          </reporter-output>
        </test-method> <!-- runScenario -->
        <test-method signature="runScenario(io.cucumber.testng.PickleWrapper,io.cucumber.testng.FeatureWrapper)[pri:0, instance:TestRunner.TestRunner@14a50707]" started-at="2025-07-11T10:29:54 IST" name="runScenario" description="Runs Cucumber Scenarios" data-provider="scenarios" finished-at="2025-07-11T10:30:50 IST" duration-ms="56626" status="PASS">
          <params>
            <param index="0">
              <value>
                <![CDATA["Add Being At Home item to cart and proceed to checkout"]]>
              </value>
            </param>
            <param index="1">
              <value>
                <![CDATA["Urban Ladder shopping and filtering experience"]]>
              </value>
            </param>
          </params>
          <reporter-output>
          </reporter-output>
        </test-method> <!-- runScenario -->
        <test-method signature="runScenario(io.cucumber.testng.PickleWrapper,io.cucumber.testng.FeatureWrapper)[pri:0, instance:TestRunner.TestRunner@14a50707]" started-at="2025-07-11T10:30:50 IST" name="runScenario" description="Runs Cucumber Scenarios" data-provider="scenarios" finished-at="2025-07-11T10:31:24 IST" duration-ms="33575" status="PASS">
          <params>
            <param index="0">
              <value>
                <![CDATA["View social media links from footer"]]>
              </value>
            </param>
            <param index="1">
              <value>
                <![CDATA["Urban Ladder shopping and filtering experience"]]>
              </value>
            </param>
          </params>
          <reporter-output>
          </reporter-output>
        </test-method> <!-- runScenario -->
        <test-method is-config="true" signature="tearDownClass()[pri:0, instance:TestRunner.TestRunner@14a50707]" started-at="2025-07-11T10:31:24 IST" name="tearDownClass" finished-at="2025-07-11T10:31:24 IST" duration-ms="15" status="PASS">
          <reporter-output>
          </reporter-output>
        </test-method> <!-- tearDownClass -->
        <test-method is-config="true" signature="afterSuite()[pri:0, instance:TestRunner.TestRunner@14a50707]" started-at="2025-07-11T10:31:24 IST" name="afterSuite" finished-at="2025-07-11T18:11:34 IST" duration-ms="27609926" status="PASS">
          <reporter-output>
          </reporter-output>
        </test-method> <!-- afterSuite -->
      </class> <!-- TestRunner.TestRunner -->
    </test> <!-- ChromeTest -->
  </suite> <!-- Suite -->
</testng-results>
